2025-12-01 13:20:28,738 INFO o.a.j.u.JMeterUtils: Setting Locale to en_US
2025-12-01 13:20:28,757 INFO o.a.j.JMeter: Loading user properties from: user.properties
2025-12-01 13:20:28,758 INFO o.a.j.JMeter: Loading system properties from: system.properties
2025-12-01 13:20:28,763 INFO o.a.j.JMeter: Copyright (c) 1998-2024 The Apache Software Foundation
2025-12-01 13:20:28,763 INFO o.a.j.JMeter: Version 5.6.3
2025-12-01 13:20:28,763 INFO o.a.j.JMeter: java.version=21.0.9
2025-12-01 13:20:28,763 INFO o.a.j.JMeter: java.vm.name=OpenJDK 64-Bit Server VM
2025-12-01 13:20:28,763 INFO o.a.j.JMeter: os.name=Linux
2025-12-01 13:20:28,763 INFO o.a.j.JMeter: os.arch=amd64
2025-12-01 13:20:28,763 INFO o.a.j.JMeter: os.version=6.14.0-36-generic
2025-12-01 13:20:28,763 INFO o.a.j.JMeter: file.encoding=UTF-8
2025-12-01 13:20:28,764 INFO o.a.j.JMeter: java.awt.headless=null
2025-12-01 13:20:28,764 INFO o.a.j.JMeter: Max memory     =4114612224
2025-12-01 13:20:28,764 INFO o.a.j.JMeter: Available Processors =20
2025-12-01 13:20:28,773 INFO o.a.j.JMeter: Default Locale=English (United States)
2025-12-01 13:20:28,773 INFO o.a.j.JMeter: JMeter  Locale=English (United States)
2025-12-01 13:20:28,773 INFO o.a.j.JMeter: JMeterHome=/home/tim/Documents/apache-jmeter-5.6.3
2025-12-01 13:20:28,773 INFO o.a.j.JMeter: user.dir  =/home/tim/Documents/apache-jmeter-5.6.3/bin
2025-12-01 13:20:28,773 INFO o.a.j.JMeter: PWD       =/home/tim/Documents/apache-jmeter-5.6.3/bin
2025-12-01 13:20:28,774 INFO o.a.j.JMeter: IP: 127.0.1.1 Name: tim-Prestige-14Evo-B13M FullName: tim-Prestige-14Evo-B13M
2025-12-01 13:20:28,786 INFO o.a.j.JMeter: Loaded icon properties from org/apache/jmeter/images/icon.properties
2025-12-01 13:20:29,192 INFO o.a.j.JMeterGuiLauncher: Setting LAF to: com.github.weisj.darklaf.DarkLaf:com.github.weisj.darklaf.theme.DarculaTheme
2025-12-01 13:20:31,359 INFO o.a.j.g.MainFrame: Unable to adjust awtAppClassName to Apache JMeter
2025-12-01 13:20:52,323 INFO o.a.j.s.FileServer: Default base='/home/tim/Documents/apache-jmeter-5.6.3/bin'
2025-12-01 13:20:52,331 INFO o.a.j.g.a.Load: Loading file: /home/tim/IdeaProjects/is_lab1/docs/jmeter/HumanBeing API Load Plan.jmx
2025-12-01 13:20:52,332 INFO o.a.j.s.FileServer: Set new base='/home/tim/IdeaProjects/is_lab1/docs/jmeter'
2025-12-01 13:20:52,519 INFO o.a.j.s.SaveService: Testplan (JMX) version: 2.2. Testlog (JTL) version: 2.2
2025-12-01 13:20:52,549 INFO o.a.j.s.SaveService: Using SaveService properties version 5.0
2025-12-01 13:20:52,550 INFO o.a.j.s.SaveService: Using SaveService properties file encoding UTF-8
2025-12-01 13:20:52,552 INFO o.a.j.s.SaveService: Loading file: /home/tim/IdeaProjects/is_lab1/docs/jmeter/HumanBeing API Load Plan.jmx
2025-12-01 13:20:52,585 INFO o.a.j.p.h.s.HTTPSamplerBase: Parser for text/html is org.apache.jmeter.protocol.http.parser.LagartoBasedHtmlParser
2025-12-01 13:20:52,585 INFO o.a.j.p.h.s.HTTPSamplerBase: Parser for application/xhtml+xml is org.apache.jmeter.protocol.http.parser.LagartoBasedHtmlParser
2025-12-01 13:20:52,585 INFO o.a.j.p.h.s.HTTPSamplerBase: Parser for application/xml is org.apache.jmeter.protocol.http.parser.LagartoBasedHtmlParser
2025-12-01 13:20:52,586 INFO o.a.j.p.h.s.HTTPSamplerBase: Parser for text/xml is org.apache.jmeter.protocol.http.parser.LagartoBasedHtmlParser
2025-12-01 13:20:52,586 INFO o.a.j.p.h.s.HTTPSamplerBase: Parser for text/vnd.wap.wml is org.apache.jmeter.protocol.http.parser.RegexpHTMLParser
2025-12-01 13:20:52,586 INFO o.a.j.p.h.s.HTTPSamplerBase: Parser for text/css is org.apache.jmeter.protocol.http.parser.CssParser
2025-12-01 13:20:52,883 INFO o.a.j.s.FileServer: Set new base='/home/tim/IdeaProjects/is_lab1/docs/jmeter'
2025-12-01 13:21:01,342 INFO o.a.j.e.StandardJMeterEngine: Running the test!
2025-12-01 13:21:01,345 INFO o.a.j.s.SampleEvent: List of sample_variables: []
2025-12-01 13:21:01,346 INFO o.a.j.s.SampleEvent: List of sample_variables: []
2025-12-01 13:21:01,348 INFO o.a.j.e.u.CompoundVariable: Note: Function class names must contain the string: '.functions.'
2025-12-01 13:21:01,349 INFO o.a.j.e.u.CompoundVariable: Note: Function class names must not contain the string: '.gui.'
2025-12-01 13:21:01,393 INFO o.a.j.g.u.JMeterMenuBar: setRunning(true, *local*)
2025-12-01 13:21:01,496 INFO o.a.j.e.StandardJMeterEngine: Starting ThreadGroup: 1 : CRUD HumanBeing
2025-12-01 13:21:01,498 INFO o.a.j.e.StandardJMeterEngine: Starting 20 threads for group CRUD HumanBeing.
2025-12-01 13:21:01,499 INFO o.a.j.e.StandardJMeterEngine: Thread will continue on error
2025-12-01 13:21:01,500 INFO o.a.j.t.ThreadGroup: Starting thread group... number=1 threads=20 ramp-up=10 delayedStart=false
2025-12-01 13:21:01,516 INFO o.a.j.s.SampleResult: Note: Sample TimeStamps are START times
2025-12-01 13:21:01,519 INFO o.a.j.s.SampleResult: sampleresult.default.encoding is set to UTF-8
2025-12-01 13:21:01,519 INFO o.a.j.s.SampleResult: sampleresult.useNanoTime=true
2025-12-01 13:21:01,519 INFO o.a.j.s.SampleResult: sampleresult.nanoThreadSleep=5000
2025-12-01 13:21:01,536 INFO o.a.j.t.JMeterThread: Thread started: CRUD HumanBeing 1-1
2025-12-01 13:21:01,542 INFO o.a.j.s.FileServer: Stored: data/import-jobs.csv Alias: data/import-jobs.csv@group
2025-12-01 13:21:01,555 INFO o.a.j.t.ThreadGroup: Started thread group number 1
2025-12-01 13:21:01,556 INFO o.a.j.e.StandardJMeterEngine: Starting ThreadGroup: 2 : Update vs Delete Conflict
2025-12-01 13:21:01,556 INFO o.a.j.e.StandardJMeterEngine: Starting 2 threads for group Update vs Delete Conflict.
2025-12-01 13:21:01,556 INFO o.a.j.e.StandardJMeterEngine: Thread will continue on error
2025-12-01 13:21:01,557 INFO o.a.j.t.ThreadGroup: Starting thread group... number=2 threads=2 ramp-up=1 delayedStart=false
2025-12-01 13:21:01,559 INFO o.a.j.t.ThreadGroup: Started thread group number 2
2025-12-01 13:21:01,559 INFO o.a.j.e.StandardJMeterEngine: All thread groups have been started
2025-12-01 13:21:01,560 INFO o.a.j.t.JMeterThread: Thread started: Update vs Delete Conflict 2-1
2025-12-01 13:21:01,573 INFO o.a.j.s.FileServer: Stored: data/humans-duplicates.csv Alias: data/humans-duplicates.csv@group
2025-12-01 13:21:01,573 INFO o.a.j.s.FileServer: Stored: data/humans-update.csv Alias: data/humans-update.csv@all
2025-12-01 13:21:01,573 INFO o.a.j.s.FileServer: Stored: data/humans-create.csv Alias: data/humans-create.csv@all
2025-12-01 13:21:01,574 INFO o.a.j.t.JMeterThread: Thread is done: Update vs Delete Conflict 2-1
2025-12-01 13:21:01,574 INFO o.a.j.t.JMeterThread: Thread finished: Update vs Delete Conflict 2-1
2025-12-01 13:21:01,587 INFO o.a.j.p.h.s.HTTPHCAbstractImpl: Local host = tim-Prestige-14Evo-B13M
2025-12-01 13:21:01,594 INFO o.a.j.p.h.s.HTTPHC4Impl: HTTP request retry count = 0
2025-12-01 13:21:02,026 INFO o.a.j.t.JMeterThread: Thread started: CRUD HumanBeing 1-2
2025-12-01 13:21:02,059 INFO o.a.j.t.JMeterThread: Thread started: Update vs Delete Conflict 2-2
2025-12-01 13:21:02,062 INFO o.a.j.t.JMeterThread: Thread is done: Update vs Delete Conflict 2-2
2025-12-01 13:21:02,062 INFO o.a.j.t.JMeterThread: Thread finished: Update vs Delete Conflict 2-2
2025-12-01 13:21:02,523 INFO o.a.j.t.JMeterThread: Thread started: CRUD HumanBeing 1-3
2025-12-01 13:21:03,021 INFO o.a.j.t.JMeterThread: Thread started: CRUD HumanBeing 1-4
2025-12-01 13:21:03,519 INFO o.a.j.t.JMeterThread: Thread started: CRUD HumanBeing 1-5
2025-12-01 13:21:03,704 INFO o.a.j.t.JMeterThread: Thread is done: CRUD HumanBeing 1-2
2025-12-01 13:21:03,705 INFO o.a.j.t.JMeterThread: Thread finished: CRUD HumanBeing 1-2
2025-12-01 13:21:04,017 INFO o.a.j.t.JMeterThread: Thread started: CRUD HumanBeing 1-6
2025-12-01 13:21:04,328 INFO o.a.j.t.JMeterThread: Thread is done: CRUD HumanBeing 1-1
2025-12-01 13:21:04,329 INFO o.a.j.t.JMeterThread: Thread finished: CRUD HumanBeing 1-1
2025-12-01 13:21:04,515 INFO o.a.j.t.JMeterThread: Thread started: CRUD HumanBeing 1-7
2025-12-01 13:21:04,581 INFO o.a.j.t.JMeterThread: Thread is done: CRUD HumanBeing 1-5
2025-12-01 13:21:04,582 INFO o.a.j.t.JMeterThread: Thread finished: CRUD HumanBeing 1-5
2025-12-01 13:21:05,010 INFO o.a.j.t.JMeterThread: Thread started: CRUD HumanBeing 1-8
2025-12-01 13:21:05,233 INFO o.a.j.t.JMeterThread: Thread is done: CRUD HumanBeing 1-6
2025-12-01 13:21:05,234 INFO o.a.j.t.JMeterThread: Thread finished: CRUD HumanBeing 1-6
2025-12-01 13:21:05,267 INFO o.a.j.t.JMeterThread: Thread is done: CRUD HumanBeing 1-4
2025-12-01 13:21:05,268 INFO o.a.j.t.JMeterThread: Thread finished: CRUD HumanBeing 1-4
2025-12-01 13:21:05,268 INFO o.a.j.t.JMeterThread: Thread is done: CRUD HumanBeing 1-3
2025-12-01 13:21:05,268 INFO o.a.j.t.JMeterThread: Thread finished: CRUD HumanBeing 1-3
2025-12-01 13:21:05,509 INFO o.a.j.t.JMeterThread: Thread started: CRUD HumanBeing 1-9
2025-12-01 13:21:05,740 INFO o.a.j.t.JMeterThread: Thread is done: CRUD HumanBeing 1-7
2025-12-01 13:21:05,741 INFO o.a.j.t.JMeterThread: Thread finished: CRUD HumanBeing 1-7
2025-12-01 13:21:06,008 INFO o.a.j.t.JMeterThread: Thread started: CRUD HumanBeing 1-10
2025-12-01 13:21:06,506 INFO o.a.j.t.JMeterThread: Thread started: CRUD HumanBeing 1-11
2025-12-01 13:21:07,009 INFO o.a.j.t.JMeterThread: Thread started: CRUD HumanBeing 1-12
2025-12-01 13:21:07,296 INFO o.a.j.t.JMeterThread: Thread is done: CRUD HumanBeing 1-8
2025-12-01 13:21:07,297 INFO o.a.j.t.JMeterThread: Thread finished: CRUD HumanBeing 1-8
2025-12-01 13:21:07,510 INFO o.a.j.t.JMeterThread: Thread started: CRUD HumanBeing 1-13
2025-12-01 13:21:07,529 INFO o.a.j.t.JMeterThread: Thread is done: CRUD HumanBeing 1-11
2025-12-01 13:21:07,531 INFO o.a.j.t.JMeterThread: Thread finished: CRUD HumanBeing 1-11
2025-12-01 13:21:07,610 INFO o.a.j.t.JMeterThread: Thread is done: CRUD HumanBeing 1-9
2025-12-01 13:21:07,610 INFO o.a.j.t.JMeterThread: Thread finished: CRUD HumanBeing 1-9
2025-12-01 13:21:08,007 INFO o.a.j.t.JMeterThread: Thread started: CRUD HumanBeing 1-14
2025-12-01 13:21:08,150 INFO o.a.j.t.JMeterThread: Thread is done: CRUD HumanBeing 1-12
2025-12-01 13:21:08,151 INFO o.a.j.t.JMeterThread: Thread finished: CRUD HumanBeing 1-12
2025-12-01 13:21:08,497 INFO o.a.j.t.JMeterThread: Thread is done: CRUD HumanBeing 1-10
2025-12-01 13:21:08,498 INFO o.a.j.t.JMeterThread: Thread finished: CRUD HumanBeing 1-10
2025-12-01 13:21:08,498 INFO o.a.j.t.JMeterThread: Thread is done: CRUD HumanBeing 1-13
2025-12-01 13:21:08,498 INFO o.a.j.t.JMeterThread: Thread finished: CRUD HumanBeing 1-13
2025-12-01 13:21:08,506 INFO o.a.j.t.JMeterThread: Thread started: CRUD HumanBeing 1-15
2025-12-01 13:21:09,006 INFO o.a.j.t.JMeterThread: Thread started: CRUD HumanBeing 1-16
2025-12-01 13:21:09,507 INFO o.a.j.t.JMeterThread: Thread started: CRUD HumanBeing 1-17
2025-12-01 13:21:10,005 INFO o.a.j.t.JMeterThread: Thread started: CRUD HumanBeing 1-18
2025-12-01 13:21:10,314 INFO o.a.j.t.JMeterThread: Thread is done: CRUD HumanBeing 1-14
2025-12-01 13:21:10,315 INFO o.a.j.t.JMeterThread: Thread finished: CRUD HumanBeing 1-14
2025-12-01 13:21:10,507 INFO o.a.j.t.JMeterThread: Thread started: CRUD HumanBeing 1-19
2025-12-01 13:21:10,572 INFO o.a.j.t.JMeterThread: Thread is done: CRUD HumanBeing 1-17
2025-12-01 13:21:10,573 INFO o.a.j.t.JMeterThread: Thread finished: CRUD HumanBeing 1-17
2025-12-01 13:21:11,007 INFO o.a.j.t.JMeterThread: Thread started: CRUD HumanBeing 1-20
2025-12-01 13:21:11,666 INFO o.a.j.t.JMeterThread: Thread is done: CRUD HumanBeing 1-16
2025-12-01 13:21:11,667 INFO o.a.j.t.JMeterThread: Thread is done: CRUD HumanBeing 1-15
2025-12-01 13:21:11,667 INFO o.a.j.t.JMeterThread: Thread finished: CRUD HumanBeing 1-16
2025-12-01 13:21:11,668 INFO o.a.j.t.JMeterThread: Thread finished: CRUD HumanBeing 1-15
2025-12-01 13:21:12,070 INFO o.a.j.t.JMeterThread: Thread is done: CRUD HumanBeing 1-19
2025-12-01 13:21:12,071 INFO o.a.j.t.JMeterThread: Thread finished: CRUD HumanBeing 1-19
2025-12-01 13:21:12,740 INFO o.a.j.t.JMeterThread: Thread is done: CRUD HumanBeing 1-18
2025-12-01 13:21:12,741 INFO o.a.j.t.JMeterThread: Thread finished: CRUD HumanBeing 1-18
2025-12-01 13:21:13,924 INFO o.a.j.t.JMeterThread: Thread is done: CRUD HumanBeing 1-20
2025-12-01 13:21:13,924 INFO o.a.j.t.JMeterThread: Thread finished: CRUD HumanBeing 1-20
2025-12-01 13:21:13,926 INFO o.a.j.e.StandardJMeterEngine: Notifying test listeners of end of test
2025-12-01 13:21:13,927 INFO o.a.j.s.FileServer: Close: data/humans-duplicates.csv@group
2025-12-01 13:21:13,927 INFO o.a.j.s.FileServer: Close: data/import-jobs.csv@group
2025-12-01 13:21:13,927 INFO o.a.j.s.FileServer: Close: data/humans-create.csv@all
2025-12-01 13:21:13,928 INFO o.a.j.s.FileServer: Close: data/humans-update.csv@all
2025-12-01 13:21:13,928 INFO o.a.j.g.u.JMeterMenuBar: setRunning(false, *local*)
2025-12-01 13:36:25,673 INFO o.a.j.e.StandardJMeterEngine: Running the test!
2025-12-01 13:36:25,678 INFO o.a.j.s.SampleEvent: List of sample_variables: []
2025-12-01 13:36:25,685 INFO o.a.j.g.u.JMeterMenuBar: setRunning(true, *local*)
2025-12-01 13:36:25,828 INFO o.a.j.e.StandardJMeterEngine: Starting ThreadGroup: 1 : CRUD HumanBeing
2025-12-01 13:36:25,829 INFO o.a.j.e.StandardJMeterEngine: Starting 20 threads for group CRUD HumanBeing.
2025-12-01 13:36:25,830 INFO o.a.j.e.StandardJMeterEngine: Thread will continue on error
2025-12-01 13:36:25,831 INFO o.a.j.t.ThreadGroup: Starting thread group... number=1 threads=20 ramp-up=10 delayedStart=false
2025-12-01 13:36:25,838 INFO o.a.j.t.JMeterThread: Thread started: CRUD HumanBeing 1-1
2025-12-01 13:36:25,842 INFO o.a.j.s.FileServer: Stored: data/import-jobs.csv Alias: data/import-jobs.csv@group
2025-12-01 13:36:25,849 INFO o.a.j.s.FileServer: Stored: data/humans-duplicates.csv Alias: data/humans-duplicates.csv@group
2025-12-01 13:36:25,851 INFO o.a.j.s.FileServer: Stored: data/humans-update.csv Alias: data/humans-update.csv@all
2025-12-01 13:36:25,852 INFO o.a.j.s.FileServer: Stored: data/humans-create.csv Alias: data/humans-create.csv@all
2025-12-01 13:36:25,874 INFO o.a.j.t.ThreadGroup: Started thread group number 1
2025-12-01 13:36:25,875 INFO o.a.j.e.StandardJMeterEngine: Starting ThreadGroup: 2 : Update vs Delete Conflict
2025-12-01 13:36:25,876 INFO o.a.j.e.StandardJMeterEngine: Starting 2 threads for group Update vs Delete Conflict.
2025-12-01 13:36:25,876 INFO o.a.j.e.StandardJMeterEngine: Thread will continue on error
2025-12-01 13:36:25,876 INFO o.a.j.t.ThreadGroup: Starting thread group... number=2 threads=2 ramp-up=1 delayedStart=false
2025-12-01 13:36:25,880 INFO o.a.j.t.ThreadGroup: Started thread group number 2
2025-12-01 13:36:25,880 INFO o.a.j.e.StandardJMeterEngine: All thread groups have been started
2025-12-01 13:36:25,880 INFO o.a.j.t.JMeterThread: Thread started: Update vs Delete Conflict 2-1
2025-12-01 13:36:25,882 INFO o.a.j.t.JMeterThread: Thread is done: Update vs Delete Conflict 2-1
2025-12-01 13:36:25,883 INFO o.a.j.t.JMeterThread: Thread finished: Update vs Delete Conflict 2-1
2025-12-01 13:36:26,335 INFO o.a.j.t.JMeterThread: Thread started: CRUD HumanBeing 1-2
2025-12-01 13:36:26,380 INFO o.a.j.t.JMeterThread: Thread started: Update vs Delete Conflict 2-2
2025-12-01 13:36:26,384 INFO o.a.j.t.JMeterThread: Thread is done: Update vs Delete Conflict 2-2
2025-12-01 13:36:26,385 INFO o.a.j.t.JMeterThread: Thread finished: Update vs Delete Conflict 2-2
2025-12-01 13:36:26,837 INFO o.a.j.t.JMeterThread: Thread started: CRUD HumanBeing 1-3
2025-12-01 13:36:27,337 INFO o.a.j.t.JMeterThread: Thread started: CRUD HumanBeing 1-4
2025-12-01 13:36:27,834 INFO o.a.j.t.JMeterThread: Thread started: CRUD HumanBeing 1-5
2025-12-01 13:36:28,254 INFO o.a.j.t.JMeterThread: Thread is done: CRUD HumanBeing 1-3
2025-12-01 13:36:28,254 INFO o.a.j.t.JMeterThread: Thread is done: CRUD HumanBeing 1-1
2025-12-01 13:36:28,254 INFO o.a.j.t.JMeterThread: Thread finished: CRUD HumanBeing 1-3
2025-12-01 13:36:28,254 INFO o.a.j.t.JMeterThread: Thread finished: CRUD HumanBeing 1-1
2025-12-01 13:36:28,335 INFO o.a.j.t.JMeterThread: Thread started: CRUD HumanBeing 1-6
2025-12-01 13:36:28,445 INFO o.a.j.t.JMeterThread: Thread is done: CRUD HumanBeing 1-4
2025-12-01 13:36:28,446 INFO o.a.j.t.JMeterThread: Thread finished: CRUD HumanBeing 1-4
2025-12-01 13:36:28,836 INFO o.a.j.t.JMeterThread: Thread started: CRUD HumanBeing 1-7
2025-12-01 13:36:29,134 INFO o.a.j.t.JMeterThread: Thread is done: CRUD HumanBeing 1-2
2025-12-01 13:36:29,134 INFO o.a.j.t.JMeterThread: Thread finished: CRUD HumanBeing 1-2
2025-12-01 13:36:29,337 INFO o.a.j.t.JMeterThread: Thread started: CRUD HumanBeing 1-8
2025-12-01 13:36:29,706 INFO o.a.j.t.JMeterThread: Thread is done: CRUD HumanBeing 1-5
2025-12-01 13:36:29,707 INFO o.a.j.t.JMeterThread: Thread finished: CRUD HumanBeing 1-5
2025-12-01 13:36:29,837 INFO o.a.j.t.JMeterThread: Thread started: CRUD HumanBeing 1-9
2025-12-01 13:36:30,335 INFO o.a.j.t.JMeterThread: Thread started: CRUD HumanBeing 1-10
2025-12-01 13:36:30,618 INFO o.a.j.t.JMeterThread: Thread is done: CRUD HumanBeing 1-6
2025-12-01 13:36:30,618 INFO o.a.j.t.JMeterThread: Thread finished: CRUD HumanBeing 1-6
2025-12-01 13:36:30,840 INFO o.a.j.t.JMeterThread: Thread started: CRUD HumanBeing 1-11
2025-12-01 13:36:31,060 INFO o.a.j.t.JMeterThread: Thread is done: CRUD HumanBeing 1-9
2025-12-01 13:36:31,060 INFO o.a.j.t.JMeterThread: Thread finished: CRUD HumanBeing 1-9
2025-12-01 13:36:31,166 INFO o.a.j.t.JMeterThread: Thread is done: CRUD HumanBeing 1-7
2025-12-01 13:36:31,167 INFO o.a.j.t.JMeterThread: Thread finished: CRUD HumanBeing 1-7
2025-12-01 13:36:31,341 INFO o.a.j.t.JMeterThread: Thread started: CRUD HumanBeing 1-12
2025-12-01 13:36:31,537 INFO o.a.j.t.JMeterThread: Thread is done: CRUD HumanBeing 1-10
2025-12-01 13:36:31,537 INFO o.a.j.t.JMeterThread: Thread finished: CRUD HumanBeing 1-10
2025-12-01 13:36:31,709 INFO o.a.j.t.JMeterThread: Thread is done: CRUD HumanBeing 1-11
2025-12-01 13:36:31,710 INFO o.a.j.t.JMeterThread: Thread finished: CRUD HumanBeing 1-11
2025-12-01 13:36:31,838 INFO o.a.j.t.JMeterThread: Thread started: CRUD HumanBeing 1-13
2025-12-01 13:36:31,939 INFO o.a.j.t.JMeterThread: Thread is done: CRUD HumanBeing 1-8
2025-12-01 13:36:31,939 INFO o.a.j.t.JMeterThread: Thread finished: CRUD HumanBeing 1-8
2025-12-01 13:36:32,337 INFO o.a.j.t.JMeterThread: Thread started: CRUD HumanBeing 1-14
2025-12-01 13:36:32,836 INFO o.a.j.t.JMeterThread: Thread started: CRUD HumanBeing 1-15
2025-12-01 13:36:33,338 INFO o.a.j.t.JMeterThread: Thread started: CRUD HumanBeing 1-16
2025-12-01 13:36:33,457 INFO o.a.j.t.JMeterThread: Thread is done: CRUD HumanBeing 1-12
2025-12-01 13:36:33,458 INFO o.a.j.t.JMeterThread: Thread finished: CRUD HumanBeing 1-12
2025-12-01 13:36:33,694 INFO o.a.j.t.JMeterThread: Thread is done: CRUD HumanBeing 1-15
2025-12-01 13:36:33,694 INFO o.a.j.t.JMeterThread: Thread finished: CRUD HumanBeing 1-15
2025-12-01 13:36:33,835 INFO o.a.j.t.JMeterThread: Thread started: CRUD HumanBeing 1-17
2025-12-01 13:36:34,334 INFO o.a.j.t.JMeterThread: Thread started: CRUD HumanBeing 1-18
2025-12-01 13:36:34,346 INFO o.a.j.t.JMeterThread: Thread is done: CRUD HumanBeing 1-14
2025-12-01 13:36:34,347 INFO o.a.j.t.JMeterThread: Thread finished: CRUD HumanBeing 1-14
2025-12-01 13:36:34,413 INFO o.a.j.t.JMeterThread: Thread is done: CRUD HumanBeing 1-13
2025-12-01 13:36:34,413 INFO o.a.j.t.JMeterThread: Thread finished: CRUD HumanBeing 1-13
2025-12-01 13:36:34,754 INFO o.a.j.t.JMeterThread: Thread is done: CRUD HumanBeing 1-17
2025-12-01 13:36:34,754 INFO o.a.j.t.JMeterThread: Thread finished: CRUD HumanBeing 1-17
2025-12-01 13:36:34,839 INFO o.a.j.t.JMeterThread: Thread started: CRUD HumanBeing 1-19
2025-12-01 13:36:35,337 INFO o.a.j.t.JMeterThread: Thread started: CRUD HumanBeing 1-20
2025-12-01 13:36:35,533 INFO o.a.j.t.JMeterThread: Thread is done: CRUD HumanBeing 1-16
2025-12-01 13:36:35,534 INFO o.a.j.t.JMeterThread: Thread finished: CRUD HumanBeing 1-16
2025-12-01 13:36:36,009 INFO o.a.j.t.JMeterThread: Thread is done: CRUD HumanBeing 1-19
2025-12-01 13:36:36,010 INFO o.a.j.t.JMeterThread: Thread finished: CRUD HumanBeing 1-19
2025-12-01 13:36:36,458 INFO o.a.j.t.JMeterThread: Thread is done: CRUD HumanBeing 1-20
2025-12-01 13:36:36,459 INFO o.a.j.t.JMeterThread: Thread finished: CRUD HumanBeing 1-20
2025-12-01 13:36:36,477 INFO o.a.j.t.JMeterThread: Thread is done: CRUD HumanBeing 1-18
2025-12-01 13:36:36,477 INFO o.a.j.t.JMeterThread: Thread finished: CRUD HumanBeing 1-18
2025-12-01 13:36:36,479 INFO o.a.j.e.StandardJMeterEngine: Notifying test listeners of end of test
2025-12-01 13:36:36,480 INFO o.a.j.s.FileServer: Close: data/humans-duplicates.csv@group
2025-12-01 13:36:36,481 INFO o.a.j.s.FileServer: Close: data/import-jobs.csv@group
2025-12-01 13:36:36,481 INFO o.a.j.s.FileServer: Close: data/humans-create.csv@all
2025-12-01 13:36:36,482 INFO o.a.j.s.FileServer: Close: data/humans-update.csv@all
2025-12-01 13:36:36,482 INFO o.a.j.g.u.JMeterMenuBar: setRunning(false, *local*)
2025-12-01 13:45:34,190 INFO o.a.j.e.StandardJMeterEngine: Running the test!
2025-12-01 13:45:34,192 INFO o.a.j.s.SampleEvent: List of sample_variables: []
2025-12-01 13:45:34,202 INFO o.a.j.g.u.JMeterMenuBar: setRunning(true, *local*)
2025-12-01 13:45:34,314 INFO o.a.j.e.StandardJMeterEngine: Starting ThreadGroup: 1 : CRUD HumanBeing
2025-12-01 13:45:34,316 INFO o.a.j.e.StandardJMeterEngine: Starting 20 threads for group CRUD HumanBeing.
2025-12-01 13:45:34,316 INFO o.a.j.e.StandardJMeterEngine: Thread will continue on error
2025-12-01 13:45:34,316 INFO o.a.j.t.ThreadGroup: Starting thread group... number=1 threads=20 ramp-up=10 delayedStart=false
2025-12-01 13:45:34,323 INFO o.a.j.t.JMeterThread: Thread started: CRUD HumanBeing 1-1
2025-12-01 13:45:34,325 INFO o.a.j.s.FileServer: Stored: data/import-jobs.csv Alias: data/import-jobs.csv@group
2025-12-01 13:45:34,328 INFO o.a.j.s.FileServer: Stored: data/humans-duplicates.csv Alias: data/humans-duplicates.csv@group
2025-12-01 13:45:34,329 INFO o.a.j.s.FileServer: Stored: data/humans-update.csv Alias: data/humans-update.csv@all
2025-12-01 13:45:34,331 INFO o.a.j.s.FileServer: Stored: data/humans-create.csv Alias: data/humans-create.csv@all
2025-12-01 13:45:34,363 INFO o.a.j.t.ThreadGroup: Started thread group number 1
2025-12-01 13:45:34,364 INFO o.a.j.e.StandardJMeterEngine: Starting ThreadGroup: 2 : Update vs Delete Conflict
2025-12-01 13:45:34,364 INFO o.a.j.e.StandardJMeterEngine: Starting 2 threads for group Update vs Delete Conflict.
2025-12-01 13:45:34,364 INFO o.a.j.e.StandardJMeterEngine: Thread will continue on error
2025-12-01 13:45:34,365 INFO o.a.j.t.ThreadGroup: Starting thread group... number=2 threads=2 ramp-up=1 delayedStart=false
2025-12-01 13:45:34,368 INFO o.a.j.t.ThreadGroup: Started thread group number 2
2025-12-01 13:45:34,369 INFO o.a.j.e.StandardJMeterEngine: All thread groups have been started
2025-12-01 13:45:34,368 INFO o.a.j.t.JMeterThread: Thread started: Update vs Delete Conflict 2-1
2025-12-01 13:45:34,371 INFO o.a.j.t.JMeterThread: Thread is done: Update vs Delete Conflict 2-1
2025-12-01 13:45:34,371 INFO o.a.j.t.JMeterThread: Thread finished: Update vs Delete Conflict 2-1
2025-12-01 13:45:34,820 INFO o.a.j.t.JMeterThread: Thread started: CRUD HumanBeing 1-2
2025-12-01 13:45:34,868 INFO o.a.j.t.JMeterThread: Thread started: Update vs Delete Conflict 2-2
2025-12-01 13:45:34,872 INFO o.a.j.t.JMeterThread: Thread is done: Update vs Delete Conflict 2-2
2025-12-01 13:45:34,873 INFO o.a.j.t.JMeterThread: Thread finished: Update vs Delete Conflict 2-2
2025-12-01 13:45:35,321 INFO o.a.j.t.JMeterThread: Thread started: CRUD HumanBeing 1-3
2025-12-01 13:45:35,820 INFO o.a.j.t.JMeterThread: Thread started: CRUD HumanBeing 1-4
2025-12-01 13:45:36,321 INFO o.a.j.t.JMeterThread: Thread started: CRUD HumanBeing 1-5
2025-12-01 13:45:36,664 INFO o.a.j.t.JMeterThread: Thread is done: CRUD HumanBeing 1-2
2025-12-01 13:45:36,664 INFO o.a.j.t.JMeterThread: Thread finished: CRUD HumanBeing 1-2
2025-12-01 13:45:36,804 INFO o.a.j.t.JMeterThread: Thread is done: CRUD HumanBeing 1-3
2025-12-01 13:45:36,804 INFO o.a.j.t.JMeterThread: Thread finished: CRUD HumanBeing 1-3
2025-12-01 13:45:36,819 INFO o.a.j.t.JMeterThread: Thread started: CRUD HumanBeing 1-6
2025-12-01 13:45:37,246 INFO o.a.j.t.JMeterThread: Thread is done: CRUD HumanBeing 1-5
2025-12-01 13:45:37,246 INFO o.a.j.t.JMeterThread: Thread finished: CRUD HumanBeing 1-5
2025-12-01 13:45:37,321 INFO o.a.j.t.JMeterThread: Thread started: CRUD HumanBeing 1-7
2025-12-01 13:45:37,820 INFO o.a.j.t.JMeterThread: Thread started: CRUD HumanBeing 1-8
2025-12-01 13:45:38,102 INFO o.a.j.t.JMeterThread: Thread is done: CRUD HumanBeing 1-1
2025-12-01 13:45:38,103 INFO o.a.j.t.JMeterThread: Thread finished: CRUD HumanBeing 1-1
2025-12-01 13:45:38,248 INFO o.a.j.t.JMeterThread: Thread is done: CRUD HumanBeing 1-4
2025-12-01 13:45:38,249 INFO o.a.j.t.JMeterThread: Thread finished: CRUD HumanBeing 1-4
2025-12-01 13:45:38,320 INFO o.a.j.t.JMeterThread: Thread started: CRUD HumanBeing 1-9
2025-12-01 13:45:38,620 INFO o.a.j.t.JMeterThread: Thread is done: CRUD HumanBeing 1-7
2025-12-01 13:45:38,620 INFO o.a.j.t.JMeterThread: Thread finished: CRUD HumanBeing 1-7
2025-12-01 13:45:38,820 INFO o.a.j.t.JMeterThread: Thread started: CRUD HumanBeing 1-10
2025-12-01 13:45:38,930 INFO o.a.j.t.JMeterThread: Thread is done: CRUD HumanBeing 1-6
2025-12-01 13:45:38,930 INFO o.a.j.t.JMeterThread: Thread finished: CRUD HumanBeing 1-6
2025-12-01 13:45:39,078 INFO o.a.j.t.JMeterThread: Thread is done: CRUD HumanBeing 1-9
2025-12-01 13:45:39,079 INFO o.a.j.t.JMeterThread: Thread finished: CRUD HumanBeing 1-9
2025-12-01 13:45:39,321 INFO o.a.j.t.JMeterThread: Thread started: CRUD HumanBeing 1-11
2025-12-01 13:45:39,822 INFO o.a.j.t.JMeterThread: Thread started: CRUD HumanBeing 1-12
2025-12-01 13:45:40,209 INFO o.a.j.t.JMeterThread: Thread is done: CRUD HumanBeing 1-10
2025-12-01 13:45:40,209 INFO o.a.j.t.JMeterThread: Thread finished: CRUD HumanBeing 1-10
2025-12-01 13:45:40,229 INFO o.a.j.t.JMeterThread: Thread is done: CRUD HumanBeing 1-8
2025-12-01 13:45:40,229 INFO o.a.j.t.JMeterThread: Thread finished: CRUD HumanBeing 1-8
2025-12-01 13:45:40,322 INFO o.a.j.t.JMeterThread: Thread started: CRUD HumanBeing 1-13
2025-12-01 13:45:40,821 INFO o.a.j.t.JMeterThread: Thread started: CRUD HumanBeing 1-14
2025-12-01 13:45:40,884 INFO o.a.j.t.JMeterThread: Thread is done: CRUD HumanBeing 1-12
2025-12-01 13:45:40,884 INFO o.a.j.t.JMeterThread: Thread finished: CRUD HumanBeing 1-12
2025-12-01 13:45:41,325 INFO o.a.j.t.JMeterThread: Thread started: CRUD HumanBeing 1-15
2025-12-01 13:45:41,425 INFO o.a.j.t.JMeterThread: Thread is done: CRUD HumanBeing 1-11
2025-12-01 13:45:41,425 INFO o.a.j.t.JMeterThread: Thread finished: CRUD HumanBeing 1-11
2025-12-01 13:45:41,598 INFO o.a.j.t.JMeterThread: Thread is done: CRUD HumanBeing 1-14
2025-12-01 13:45:41,598 INFO o.a.j.t.JMeterThread: Thread finished: CRUD HumanBeing 1-14
2025-12-01 13:45:41,821 INFO o.a.j.t.JMeterThread: Thread started: CRUD HumanBeing 1-16
2025-12-01 13:45:42,268 INFO o.a.j.t.JMeterThread: Thread is done: CRUD HumanBeing 1-15
2025-12-01 13:45:42,268 INFO o.a.j.t.JMeterThread: Thread finished: CRUD HumanBeing 1-15
2025-12-01 13:45:42,320 INFO o.a.j.t.JMeterThread: Thread started: CRUD HumanBeing 1-17
2025-12-01 13:45:42,420 INFO o.a.j.t.JMeterThread: Thread is done: CRUD HumanBeing 1-13
2025-12-01 13:45:42,421 INFO o.a.j.t.JMeterThread: Thread finished: CRUD HumanBeing 1-13
2025-12-01 13:45:42,821 INFO o.a.j.t.JMeterThread: Thread started: CRUD HumanBeing 1-18
2025-12-01 13:45:43,322 INFO o.a.j.t.JMeterThread: Thread started: CRUD HumanBeing 1-19
2025-12-01 13:45:43,807 INFO o.a.j.t.JMeterThread: Thread is done: CRUD HumanBeing 1-16
2025-12-01 13:45:43,807 INFO o.a.j.t.JMeterThread: Thread finished: CRUD HumanBeing 1-16
2025-12-01 13:45:43,820 INFO o.a.j.t.JMeterThread: Thread started: CRUD HumanBeing 1-20
2025-12-01 13:45:44,118 INFO o.a.j.t.JMeterThread: Thread is done: CRUD HumanBeing 1-17
2025-12-01 13:45:44,118 INFO o.a.j.t.JMeterThread: Thread finished: CRUD HumanBeing 1-17
2025-12-01 13:45:44,352 INFO o.a.j.t.JMeterThread: Thread is done: CRUD HumanBeing 1-19
2025-12-01 13:45:44,352 INFO o.a.j.t.JMeterThread: Thread finished: CRUD HumanBeing 1-19
2025-12-01 13:45:44,810 INFO o.a.j.t.JMeterThread: Thread is done: CRUD HumanBeing 1-18
2025-12-01 13:45:44,811 INFO o.a.j.t.JMeterThread: Thread finished: CRUD HumanBeing 1-18
2025-12-01 13:45:44,874 INFO o.a.j.t.JMeterThread: Thread is done: CRUD HumanBeing 1-20
2025-12-01 13:45:44,874 INFO o.a.j.t.JMeterThread: Thread finished: CRUD HumanBeing 1-20
2025-12-01 13:45:44,875 INFO o.a.j.e.StandardJMeterEngine: Notifying test listeners of end of test
2025-12-01 13:45:44,876 INFO o.a.j.s.FileServer: Close: data/humans-duplicates.csv@group
2025-12-01 13:45:44,876 INFO o.a.j.s.FileServer: Close: data/import-jobs.csv@group
2025-12-01 13:45:44,877 INFO o.a.j.s.FileServer: Close: data/humans-create.csv@all
2025-12-01 13:45:44,877 INFO o.a.j.s.FileServer: Close: data/humans-update.csv@all
2025-12-01 13:45:44,878 INFO o.a.j.g.u.JMeterMenuBar: setRunning(false, *local*)
2025-12-01 13:47:16,265 INFO o.a.j.e.StandardJMeterEngine: Running the test!
2025-12-01 13:47:16,266 INFO o.a.j.s.SampleEvent: List of sample_variables: []
2025-12-01 13:47:16,268 INFO o.a.j.g.u.JMeterMenuBar: setRunning(true, *local*)
2025-12-01 13:47:16,340 INFO o.a.j.e.StandardJMeterEngine: Starting ThreadGroup: 1 : CRUD HumanBeing
2025-12-01 13:47:16,340 INFO o.a.j.e.StandardJMeterEngine: Starting 20 threads for group CRUD HumanBeing.
2025-12-01 13:47:16,341 INFO o.a.j.e.StandardJMeterEngine: Thread will continue on error
2025-12-01 13:47:16,341 INFO o.a.j.t.ThreadGroup: Starting thread group... number=1 threads=20 ramp-up=10 delayedStart=false
2025-12-01 13:47:16,343 INFO o.a.j.t.JMeterThread: Thread started: CRUD HumanBeing 1-1
2025-12-01 13:47:16,344 INFO o.a.j.s.FileServer: Stored: data/import-jobs.csv Alias: data/import-jobs.csv@group
2025-12-01 13:47:16,345 INFO o.a.j.s.FileServer: Stored: data/humans-duplicates.csv Alias: data/humans-duplicates.csv@group
2025-12-01 13:47:16,346 INFO o.a.j.s.FileServer: Stored: data/humans-update.csv Alias: data/humans-update.csv@all
2025-12-01 13:47:16,346 INFO o.a.j.s.FileServer: Stored: data/humans-create.csv Alias: data/humans-create.csv@all
2025-12-01 13:47:16,356 INFO o.a.j.t.ThreadGroup: Started thread group number 1
2025-12-01 13:47:16,356 INFO o.a.j.e.StandardJMeterEngine: Starting ThreadGroup: 2 : Update vs Delete Conflict
2025-12-01 13:47:16,356 INFO o.a.j.e.StandardJMeterEngine: Starting 2 threads for group Update vs Delete Conflict.
2025-12-01 13:47:16,356 INFO o.a.j.e.StandardJMeterEngine: Thread will continue on error
2025-12-01 13:47:16,356 INFO o.a.j.t.ThreadGroup: Starting thread group... number=2 threads=2 ramp-up=1 delayedStart=false
2025-12-01 13:47:16,357 INFO o.a.j.t.ThreadGroup: Started thread group number 2
2025-12-01 13:47:16,358 INFO o.a.j.e.StandardJMeterEngine: All thread groups have been started
2025-12-01 13:47:16,357 INFO o.a.j.t.JMeterThread: Thread started: Update vs Delete Conflict 2-1
2025-12-01 13:47:16,358 INFO o.a.j.t.JMeterThread: Thread is done: Update vs Delete Conflict 2-1
2025-12-01 13:47:16,358 INFO o.a.j.t.JMeterThread: Thread finished: Update vs Delete Conflict 2-1
2025-12-01 13:47:16,843 INFO o.a.j.t.JMeterThread: Thread started: CRUD HumanBeing 1-2
2025-12-01 13:47:16,858 INFO o.a.j.t.JMeterThread: Thread started: Update vs Delete Conflict 2-2
2025-12-01 13:47:16,859 INFO o.a.j.t.JMeterThread: Thread is done: Update vs Delete Conflict 2-2
2025-12-01 13:47:16,859 INFO o.a.j.t.JMeterThread: Thread finished: Update vs Delete Conflict 2-2
2025-12-01 13:47:17,343 INFO o.a.j.t.JMeterThread: Thread started: CRUD HumanBeing 1-3
2025-12-01 13:47:17,843 INFO o.a.j.t.JMeterThread: Thread started: CRUD HumanBeing 1-4
2025-12-01 13:47:18,344 INFO o.a.j.t.JMeterThread: Thread started: CRUD HumanBeing 1-5
2025-12-01 13:47:18,844 INFO o.a.j.t.JMeterThread: Thread started: CRUD HumanBeing 1-6
2025-12-01 13:47:19,343 INFO o.a.j.t.JMeterThread: Thread started: CRUD HumanBeing 1-7
2025-12-01 13:47:19,648 INFO o.a.j.t.JMeterThread: Thread is done: CRUD HumanBeing 1-5
2025-12-01 13:47:19,649 INFO o.a.j.t.JMeterThread: Thread finished: CRUD HumanBeing 1-5
2025-12-01 13:47:19,814 INFO o.a.j.t.JMeterThread: Thread is done: CRUD HumanBeing 1-6
2025-12-01 13:47:19,814 INFO o.a.j.t.JMeterThread: Thread finished: CRUD HumanBeing 1-6
2025-12-01 13:47:19,842 INFO o.a.j.t.JMeterThread: Thread started: CRUD HumanBeing 1-8
2025-12-01 13:47:20,051 INFO o.a.j.t.JMeterThread: Thread is done: CRUD HumanBeing 1-2
2025-12-01 13:47:20,051 INFO o.a.j.t.JMeterThread: Thread finished: CRUD HumanBeing 1-2
2025-12-01 13:47:20,255 INFO o.a.j.t.JMeterThread: Thread is done: CRUD HumanBeing 1-3
2025-12-01 13:47:20,255 INFO o.a.j.t.JMeterThread: Thread finished: CRUD HumanBeing 1-3
2025-12-01 13:47:20,343 INFO o.a.j.t.JMeterThread: Thread started: CRUD HumanBeing 1-9
2025-12-01 13:47:20,842 INFO o.a.j.t.JMeterThread: Thread started: CRUD HumanBeing 1-10
2025-12-01 13:47:20,933 INFO o.a.j.t.JMeterThread: Thread is done: CRUD HumanBeing 1-8
2025-12-01 13:47:20,934 INFO o.a.j.t.JMeterThread: Thread finished: CRUD HumanBeing 1-8
2025-12-01 13:47:20,994 INFO o.a.j.t.JMeterThread: Thread is done: CRUD HumanBeing 1-4
2025-12-01 13:47:20,995 INFO o.a.j.t.JMeterThread: Thread finished: CRUD HumanBeing 1-4
2025-12-01 13:47:21,344 INFO o.a.j.t.JMeterThread: Thread started: CRUD HumanBeing 1-11
2025-12-01 13:47:21,459 INFO o.a.j.t.JMeterThread: Thread is done: CRUD HumanBeing 1-1
2025-12-01 13:47:21,459 INFO o.a.j.t.JMeterThread: Thread finished: CRUD HumanBeing 1-1
2025-12-01 13:47:21,825 INFO o.a.j.t.JMeterThread: Thread is done: CRUD HumanBeing 1-10
2025-12-01 13:47:21,825 INFO o.a.j.t.JMeterThread: Thread finished: CRUD HumanBeing 1-10
2025-12-01 13:47:21,843 INFO o.a.j.t.JMeterThread: Thread started: CRUD HumanBeing 1-12
2025-12-01 13:47:22,343 INFO o.a.j.t.JMeterThread: Thread started: CRUD HumanBeing 1-13
2025-12-01 13:47:22,842 INFO o.a.j.t.JMeterThread: Thread started: CRUD HumanBeing 1-14
2025-12-01 13:47:22,933 INFO o.a.j.t.JMeterThread: Thread is done: CRUD HumanBeing 1-12
2025-12-01 13:47:22,934 INFO o.a.j.t.JMeterThread: Thread finished: CRUD HumanBeing 1-12
2025-12-01 13:47:23,263 INFO o.a.j.t.JMeterThread: Thread is done: CRUD HumanBeing 1-13
2025-12-01 13:47:23,263 INFO o.a.j.t.JMeterThread: Thread finished: CRUD HumanBeing 1-13
2025-12-01 13:47:23,342 INFO o.a.j.t.JMeterThread: Thread started: CRUD HumanBeing 1-15
2025-12-01 13:47:23,421 INFO o.a.j.t.JMeterThread: Thread is done: CRUD HumanBeing 1-9
2025-12-01 13:47:23,421 INFO o.a.j.t.JMeterThread: Thread finished: CRUD HumanBeing 1-9
2025-12-01 13:47:23,448 INFO o.a.j.t.JMeterThread: Thread is done: CRUD HumanBeing 1-7
2025-12-01 13:47:23,448 INFO o.a.j.t.JMeterThread: Thread finished: CRUD HumanBeing 1-7
2025-12-01 13:47:23,649 INFO o.a.j.t.JMeterThread: Thread is done: CRUD HumanBeing 1-14
2025-12-01 13:47:23,650 INFO o.a.j.t.JMeterThread: Thread finished: CRUD HumanBeing 1-14
2025-12-01 13:47:23,843 INFO o.a.j.t.JMeterThread: Thread started: CRUD HumanBeing 1-16
2025-12-01 13:47:24,325 INFO o.a.j.t.JMeterThread: Thread is done: CRUD HumanBeing 1-11
2025-12-01 13:47:24,326 INFO o.a.j.t.JMeterThread: Thread finished: CRUD HumanBeing 1-11
2025-12-01 13:47:24,343 INFO o.a.j.t.JMeterThread: Thread started: CRUD HumanBeing 1-17
2025-12-01 13:47:24,843 INFO o.a.j.t.JMeterThread: Thread started: CRUD HumanBeing 1-18
2025-12-01 13:47:25,342 INFO o.a.j.t.JMeterThread: Thread started: CRUD HumanBeing 1-19
2025-12-01 13:47:25,842 INFO o.a.j.t.JMeterThread: Thread started: CRUD HumanBeing 1-20
2025-12-01 13:47:25,891 INFO o.a.j.t.JMeterThread: Thread is done: CRUD HumanBeing 1-18
2025-12-01 13:47:25,892 INFO o.a.j.t.JMeterThread: Thread finished: CRUD HumanBeing 1-18
2025-12-01 13:47:26,595 INFO o.a.j.t.JMeterThread: Thread is done: CRUD HumanBeing 1-17
2025-12-01 13:47:26,596 INFO o.a.j.t.JMeterThread: Thread finished: CRUD HumanBeing 1-17
2025-12-01 13:47:26,687 INFO o.a.j.t.JMeterThread: Thread is done: CRUD HumanBeing 1-16
2025-12-01 13:47:26,688 INFO o.a.j.t.JMeterThread: Thread finished: CRUD HumanBeing 1-16
2025-12-01 13:47:27,729 INFO o.a.j.t.JMeterThread: Thread is done: CRUD HumanBeing 1-15
2025-12-01 13:47:27,729 INFO o.a.j.t.JMeterThread: Thread finished: CRUD HumanBeing 1-15
2025-12-01 13:47:28,865 INFO o.a.j.t.JMeterThread: Thread is done: CRUD HumanBeing 1-20
2025-12-01 13:47:28,865 INFO o.a.j.t.JMeterThread: Thread finished: CRUD HumanBeing 1-20
2025-12-01 13:47:29,910 INFO o.a.j.t.JMeterThread: Thread is done: CRUD HumanBeing 1-19
2025-12-01 13:47:29,910 INFO o.a.j.t.JMeterThread: Thread finished: CRUD HumanBeing 1-19
2025-12-01 13:47:29,912 INFO o.a.j.e.StandardJMeterEngine: Notifying test listeners of end of test
2025-12-01 13:47:29,912 INFO o.a.j.s.FileServer: Close: data/humans-duplicates.csv@group
2025-12-01 13:47:29,912 INFO o.a.j.s.FileServer: Close: data/import-jobs.csv@group
2025-12-01 13:47:29,913 INFO o.a.j.s.FileServer: Close: data/humans-create.csv@all
2025-12-01 13:47:29,913 INFO o.a.j.s.FileServer: Close: data/humans-update.csv@all
2025-12-01 13:47:29,913 INFO o.a.j.g.u.JMeterMenuBar: setRunning(false, *local*)
2025-12-01 13:52:15,143 INFO o.a.j.e.StandardJMeterEngine: Running the test!
2025-12-01 13:52:15,144 INFO o.a.j.s.SampleEvent: List of sample_variables: []
2025-12-01 13:52:15,147 INFO o.a.j.g.u.JMeterMenuBar: setRunning(true, *local*)
2025-12-01 13:52:15,248 INFO o.a.j.e.StandardJMeterEngine: Starting ThreadGroup: 1 : CRUD HumanBeing
2025-12-01 13:52:15,249 INFO o.a.j.e.StandardJMeterEngine: Starting 20 threads for group CRUD HumanBeing.
2025-12-01 13:52:15,249 INFO o.a.j.e.StandardJMeterEngine: Thread will continue on error
2025-12-01 13:52:15,250 INFO o.a.j.t.ThreadGroup: Starting thread group... number=1 threads=20 ramp-up=10 delayedStart=false
2025-12-01 13:52:15,255 INFO o.a.j.t.JMeterThread: Thread started: CRUD HumanBeing 1-1
2025-12-01 13:52:15,257 INFO o.a.j.s.FileServer: Stored: data/import-jobs.csv Alias: data/import-jobs.csv@group
2025-12-01 13:52:15,258 INFO o.a.j.s.FileServer: Stored: data/humans-duplicates.csv Alias: data/humans-duplicates.csv@group
2025-12-01 13:52:15,259 INFO o.a.j.s.FileServer: Stored: data/humans-update.csv Alias: data/humans-update.csv@all
2025-12-01 13:52:15,259 INFO o.a.j.s.FileServer: Stored: data/humans-create.csv Alias: data/humans-create.csv@all
2025-12-01 13:52:15,275 INFO o.a.j.t.ThreadGroup: Started thread group number 1
2025-12-01 13:52:15,275 INFO o.a.j.e.StandardJMeterEngine: Starting ThreadGroup: 2 : Update vs Delete Conflict
2025-12-01 13:52:15,275 INFO o.a.j.e.StandardJMeterEngine: Starting 2 threads for group Update vs Delete Conflict.
2025-12-01 13:52:15,275 INFO o.a.j.e.StandardJMeterEngine: Thread will continue on error
2025-12-01 13:52:15,275 INFO o.a.j.t.ThreadGroup: Starting thread group... number=2 threads=2 ramp-up=1 delayedStart=false
2025-12-01 13:52:15,277 INFO o.a.j.t.ThreadGroup: Started thread group number 2
2025-12-01 13:52:15,278 INFO o.a.j.e.StandardJMeterEngine: All thread groups have been started
2025-12-01 13:52:15,278 INFO o.a.j.t.JMeterThread: Thread started: Update vs Delete Conflict 2-1
2025-12-01 13:52:15,279 INFO o.a.j.t.JMeterThread: Thread is done: Update vs Delete Conflict 2-1
2025-12-01 13:52:15,279 INFO o.a.j.t.JMeterThread: Thread finished: Update vs Delete Conflict 2-1
2025-12-01 13:52:15,754 INFO o.a.j.t.JMeterThread: Thread started: CRUD HumanBeing 1-2
2025-12-01 13:52:15,777 INFO o.a.j.t.JMeterThread: Thread started: Update vs Delete Conflict 2-2
2025-12-01 13:52:15,780 INFO o.a.j.t.JMeterThread: Thread is done: Update vs Delete Conflict 2-2
2025-12-01 13:52:15,780 INFO o.a.j.t.JMeterThread: Thread finished: Update vs Delete Conflict 2-2
2025-12-01 13:52:16,253 INFO o.a.j.t.JMeterThread: Thread started: CRUD HumanBeing 1-3
2025-12-01 13:52:16,753 INFO o.a.j.t.JMeterThread: Thread started: CRUD HumanBeing 1-4
2025-12-01 13:52:17,254 INFO o.a.j.t.JMeterThread: Thread started: CRUD HumanBeing 1-5
2025-12-01 13:52:17,753 INFO o.a.j.t.JMeterThread: Thread started: CRUD HumanBeing 1-6
2025-12-01 13:52:18,254 INFO o.a.j.t.JMeterThread: Thread started: CRUD HumanBeing 1-7
2025-12-01 13:52:18,447 INFO o.a.j.t.JMeterThread: Thread is done: CRUD HumanBeing 1-5
2025-12-01 13:52:18,448 INFO o.a.j.t.JMeterThread: Thread finished: CRUD HumanBeing 1-5
2025-12-01 13:52:18,753 INFO o.a.j.t.JMeterThread: Thread started: CRUD HumanBeing 1-8
2025-12-01 13:52:18,863 INFO o.a.j.t.JMeterThread: Thread is done: CRUD HumanBeing 1-2
2025-12-01 13:52:18,863 INFO o.a.j.t.JMeterThread: Thread finished: CRUD HumanBeing 1-2
2025-12-01 13:52:18,885 INFO o.a.j.t.JMeterThread: Thread is done: CRUD HumanBeing 1-1
2025-12-01 13:52:18,885 INFO o.a.j.t.JMeterThread: Thread finished: CRUD HumanBeing 1-1
2025-12-01 13:52:19,088 INFO o.a.j.t.JMeterThread: Thread is done: CRUD HumanBeing 1-3
2025-12-01 13:52:19,088 INFO o.a.j.t.JMeterThread: Thread finished: CRUD HumanBeing 1-3
2025-12-01 13:52:19,252 INFO o.a.j.t.JMeterThread: Thread started: CRUD HumanBeing 1-9
2025-12-01 13:52:19,354 INFO o.a.j.t.JMeterThread: Thread is done: CRUD HumanBeing 1-7
2025-12-01 13:52:19,354 INFO o.a.j.t.JMeterThread: Thread finished: CRUD HumanBeing 1-7
2025-12-01 13:52:19,755 INFO o.a.j.t.JMeterThread: Thread started: CRUD HumanBeing 1-10
2025-12-01 13:52:20,253 INFO o.a.j.t.JMeterThread: Thread started: CRUD HumanBeing 1-11
2025-12-01 13:52:20,294 INFO o.a.j.t.JMeterThread: Thread is done: CRUD HumanBeing 1-9
2025-12-01 13:52:20,295 INFO o.a.j.t.JMeterThread: Thread finished: CRUD HumanBeing 1-9
2025-12-01 13:52:20,720 INFO o.a.j.t.JMeterThread: Thread is done: CRUD HumanBeing 1-10
2025-12-01 13:52:20,721 INFO o.a.j.t.JMeterThread: Thread finished: CRUD HumanBeing 1-10
2025-12-01 13:52:20,752 INFO o.a.j.t.JMeterThread: Thread started: CRUD HumanBeing 1-12
2025-12-01 13:52:20,801 INFO o.a.j.t.JMeterThread: Thread is done: CRUD HumanBeing 1-4
2025-12-01 13:52:20,801 INFO o.a.j.t.JMeterThread: Thread finished: CRUD HumanBeing 1-4
2025-12-01 13:52:21,254 INFO o.a.j.t.JMeterThread: Thread started: CRUD HumanBeing 1-13
2025-12-01 13:52:21,364 INFO o.a.j.t.JMeterThread: Thread is done: CRUD HumanBeing 1-11
2025-12-01 13:52:21,364 INFO o.a.j.t.JMeterThread: Thread finished: CRUD HumanBeing 1-11
2025-12-01 13:52:21,755 INFO o.a.j.t.JMeterThread: Thread started: CRUD HumanBeing 1-14
2025-12-01 13:52:21,776 INFO o.a.j.t.JMeterThread: Thread is done: CRUD HumanBeing 1-8
2025-12-01 13:52:21,776 INFO o.a.j.t.JMeterThread: Thread finished: CRUD HumanBeing 1-8
2025-12-01 13:52:21,827 INFO o.a.j.t.JMeterThread: Thread is done: CRUD HumanBeing 1-12
2025-12-01 13:52:21,827 INFO o.a.j.t.JMeterThread: Thread finished: CRUD HumanBeing 1-12
2025-12-01 13:52:22,252 INFO o.a.j.t.JMeterThread: Thread started: CRUD HumanBeing 1-15
2025-12-01 13:52:22,432 INFO o.a.j.t.JMeterThread: Thread is done: CRUD HumanBeing 1-6
2025-12-01 13:52:22,432 INFO o.a.j.t.JMeterThread: Thread finished: CRUD HumanBeing 1-6
2025-12-01 13:52:22,752 INFO o.a.j.t.JMeterThread: Thread started: CRUD HumanBeing 1-16
2025-12-01 13:52:23,252 INFO o.a.j.t.JMeterThread: Thread started: CRUD HumanBeing 1-17
2025-12-01 13:52:23,753 INFO o.a.j.t.JMeterThread: Thread started: CRUD HumanBeing 1-18
2025-12-01 13:52:24,049 INFO o.a.j.t.JMeterThread: Thread is done: CRUD HumanBeing 1-16
2025-12-01 13:52:24,050 INFO o.a.j.t.JMeterThread: Thread finished: CRUD HumanBeing 1-16
2025-12-01 13:52:24,253 INFO o.a.j.t.JMeterThread: Thread started: CRUD HumanBeing 1-19
2025-12-01 13:52:24,303 INFO o.a.j.t.JMeterThread: Thread is done: CRUD HumanBeing 1-17
2025-12-01 13:52:24,304 INFO o.a.j.t.JMeterThread: Thread finished: CRUD HumanBeing 1-17
2025-12-01 13:52:24,541 INFO o.a.j.t.JMeterThread: Thread is done: CRUD HumanBeing 1-13
2025-12-01 13:52:24,542 INFO o.a.j.t.JMeterThread: Thread finished: CRUD HumanBeing 1-13
2025-12-01 13:52:24,753 INFO o.a.j.t.JMeterThread: Thread started: CRUD HumanBeing 1-20
2025-12-01 13:52:24,833 INFO o.a.j.t.JMeterThread: Thread is done: CRUD HumanBeing 1-18
2025-12-01 13:52:24,833 INFO o.a.j.t.JMeterThread: Thread finished: CRUD HumanBeing 1-18
2025-12-01 13:52:25,517 INFO o.a.j.t.JMeterThread: Thread is done: CRUD HumanBeing 1-14
2025-12-01 13:52:25,517 INFO o.a.j.t.JMeterThread: Thread finished: CRUD HumanBeing 1-14
2025-12-01 13:52:26,229 INFO o.a.j.t.JMeterThread: Thread is done: CRUD HumanBeing 1-15
2025-12-01 13:52:26,229 INFO o.a.j.t.JMeterThread: Thread finished: CRUD HumanBeing 1-15
2025-12-01 13:52:27,053 INFO o.a.j.t.JMeterThread: Thread is done: CRUD HumanBeing 1-19
2025-12-01 13:52:27,054 INFO o.a.j.t.JMeterThread: Thread finished: CRUD HumanBeing 1-19
2025-12-01 13:52:27,089 INFO o.a.j.t.JMeterThread: Thread is done: CRUD HumanBeing 1-20
2025-12-01 13:52:27,089 INFO o.a.j.t.JMeterThread: Thread finished: CRUD HumanBeing 1-20
2025-12-01 13:52:27,090 INFO o.a.j.e.StandardJMeterEngine: Notifying test listeners of end of test
2025-12-01 13:52:27,091 INFO o.a.j.s.FileServer: Close: data/humans-duplicates.csv@group
2025-12-01 13:52:27,091 INFO o.a.j.s.FileServer: Close: data/import-jobs.csv@group
2025-12-01 13:52:27,091 INFO o.a.j.s.FileServer: Close: data/humans-create.csv@all
2025-12-01 13:52:27,091 INFO o.a.j.s.FileServer: Close: data/humans-update.csv@all
2025-12-01 13:52:27,091 INFO o.a.j.g.u.JMeterMenuBar: setRunning(false, *local*)
